Error: 
Invalid `prisma.student.findUnique()` invocation in
D:\kaggle\KAGGLE-GOOGLE\apps\tta-1\fix-profile.ts:15:44

  12 console.log("Class found:", classObj.id);
  13 
  14 // Check if Student exists
→ 15 let student = await prisma.student.findUnique({
       where: {
         email: "rudrakshfanse08@gmail.com",
         ~~~~~
     ?   id?: String,
     ?   hashedId?: String,
     ?   AND?: StudentWhereInput | StudentWhereInput[],
     ?   OR?: StudentWhereInput[],
     ?   NOT?: StudentWhereInput | StudentWhereInput[],
     ?   externalId?: StringNullableFilter | String | Null,
     ?   name?: StringNullableFilter | String | Null,
     ?   classId?: StringFilter | String,
     ?   skillsJson?: StringFilter | String,
     ?   notesJson?: StringFilter | String,
     ?   interventionsJson?: StringFilter | String,
     ?   createdAt?: DateTimeFilter | DateTime,
     ?   updatedAt?: DateTimeFilter | DateTime,
     ?   class?: ClassScalarRelationFilter | ClassWhereInput,
     ?   profile?: StudentProfileNullableScalarRelationFilter | StudentProfileWhereInput | Null
       }
     })

Unknown argument `email`. Available options are marked with ?.
{
  "name": "PrismaClientValidationError",
  "clientVersion": "6.19.0"
}